<?xml version="1.0" encoding="UTF-8"?>
<!-- Generated by org.testng.reporters.JUnitXMLReporter -->
<testsuite hostname="Alliances-MacBook-Pro.local" ignored="1" name="Default test" tests="2" failures="0" timestamp="11 May 2018 13:22:13 GMT" time="12.758" errors="0">
  <testcase name="loginTest" time="4.683" classname="Test2.test2.Test1"/>
  <testcase name="loginTest" time="4.11" classname="Test2.test2.Test2"/>
  <testcase name="@BeforeTest beforeTest" time="0.0" classname="com.qa.base.Base">
    <ignored/>
  </testcase> <!-- @BeforeTest beforeTest -->
</testsuite> <!-- Default test -->
