<?xml version="1.0" encoding="UTF-8"?>
<!-- Generated by org.testng.reporters.JUnitXMLReporter -->
<testsuite hostname="Alliances-MacBook-Pro.local" ignored="1" name="TestSuite" tests="2" failures="0" timestamp="11 May 2018 14:24:39 GMT" time="9.206" errors="0">
  <testcase name="loginTest" time="5.966" classname="Test2.test2.Test1"/>
  <testcase name="loginTest" time="6.433" classname="Test2.test2.Test2"/>
  <testcase name="@BeforeTest beforeTest" time="0.0" classname="com.qa.base.Base">
    <ignored/>
  </testcase> <!-- @BeforeTest beforeTest -->
</testsuite> <!-- TestSuite -->
