<?xml version="1.0" encoding="UTF-8"?>
<testng-results skipped="0" failed="0" ignored="1" total="3" passed="2">
  <reporter-output>
  </reporter-output>
  <suite name="Suite" duration-ms="9206" started-at="2018-05-11T14:24:30Z" finished-at="2018-05-11T14:24:39Z">
    <groups>
    </groups>
    <test name="TestSuite" duration-ms="9206" started-at="2018-05-11T14:24:30Z" finished-at="2018-05-11T14:24:39Z">
      <class name="Test2.test2.Test1">
        <test-method status="PASS" signature="beforeTest()[pri:0, instance:Test2.test2.Test1@3e9b1010]" name="beforeTest" is-config="true" duration-ms="182" started-at="2018-05-11T14:24:30Z" finished-at="2018-05-11T14:24:30Z">
          <reporter-output>
          </reporter-output>
        </test-method> <!-- beforeTest -->
        <test-method status="PASS" signature="beforeClass()[pri:0, instance:Test2.test2.Test1@3e9b1010]" name="beforeClass" is-config="true" duration-ms="2433" started-at="2018-05-11T14:24:30Z" finished-at="2018-05-11T14:24:33Z">
          <reporter-output>
          </reporter-output>
        </test-method> <!-- beforeClass -->
        <test-method status="PASS" signature="beforeMethod(java.lang.reflect.Method)[pri:0, instance:Test2.test2.Test1@3e9b1010]" name="beforeMethod" is-config="true" duration-ms="8" started-at="2018-05-11T14:24:33Z" finished-at="2018-05-11T14:24:33Z">
          <params>
            <param index="0">
              <value>
                <![CDATA[public void Test2.test2.Test1.loginTest() throws java.lang.Exception]]>
              </value>
            </param>
          </params>
          <reporter-output>
          </reporter-output>
        </test-method> <!-- beforeMethod -->
        <test-method status="PASS" signature="loginTest()[pri:0, instance:Test2.test2.Test1@3e9b1010]" name="loginTest" duration-ms="5966" started-at="2018-05-11T14:24:33Z" finished-at="2018-05-11T14:24:39Z">
          <reporter-output>
          </reporter-output>
        </test-method> <!-- loginTest -->
        <test-method status="PASS" signature="afterClass()[pri:0, instance:Test2.test2.Test1@3e9b1010]" name="afterClass" is-config="true" duration-ms="563" started-at="2018-05-11T14:24:39Z" finished-at="2018-05-11T14:24:39Z">
          <reporter-output>
          </reporter-output>
        </test-method> <!-- afterClass -->
      </class> <!-- Test2.test2.Test1 -->
      <class name="Test2.test2.Test2">
        <test-method status="PASS" signature="beforeClass()[pri:0, instance:Test2.test2.Test2@6c3708b3]" name="beforeClass" is-config="true" duration-ms="2433" started-at="2018-05-11T14:24:30Z" finished-at="2018-05-11T14:24:33Z">
          <reporter-output>
          </reporter-output>
        </test-method> <!-- beforeClass -->
        <test-method status="PASS" signature="beforeMethod(java.lang.reflect.Method)[pri:0, instance:Test2.test2.Test2@6c3708b3]" name="beforeMethod" is-config="true" duration-ms="9" started-at="2018-05-11T14:24:33Z" finished-at="2018-05-11T14:24:33Z">
          <params>
            <param index="0">
              <value>
                <![CDATA[public void Test2.test2.Test2.loginTest() throws java.lang.Exception]]>
              </value>
            </param>
          </params>
          <reporter-output>
          </reporter-output>
        </test-method> <!-- beforeMethod -->
        <test-method status="PASS" signature="loginTest()[pri:0, instance:Test2.test2.Test2@6c3708b3]" name="loginTest" duration-ms="6433" started-at="2018-05-11T14:24:33Z" finished-at="2018-05-11T14:24:39Z">
          <reporter-output>
          </reporter-output>
        </test-method> <!-- loginTest -->
        <test-method status="PASS" signature="afterClass()[pri:0, instance:Test2.test2.Test2@6c3708b3]" name="afterClass" is-config="true" duration-ms="124" started-at="2018-05-11T14:24:39Z" finished-at="2018-05-11T14:24:39Z">
          <reporter-output>
          </reporter-output>
        </test-method> <!-- afterClass -->
      </class> <!-- Test2.test2.Test2 -->
    </test> <!-- TestSuite -->
  </suite> <!-- Suite -->
</testng-results>
