<?xml version="1.0" encoding="UTF-8"?>
<testng-results skipped="0" failed="0" ignored="1" total="3" passed="2">
  <reporter-output>
  </reporter-output>
  <suite name="Suite" duration-ms="9148" started-at="2018-05-11T13:34:53Z" finished-at="2018-05-11T13:35:03Z">
    <groups>
    </groups>
    <test name="TestSuite" duration-ms="9148" started-at="2018-05-11T13:34:53Z" finished-at="2018-05-11T13:35:03Z">
      <class name="Test2.test2.Test1">
        <test-method status="PASS" signature="beforeTest()[pri:0, instance:Test2.test2.Test1@4671e53b]" name="beforeTest" is-config="true" duration-ms="177" started-at="2018-05-11T13:34:53Z" finished-at="2018-05-11T13:34:54Z">
          <reporter-output>
          </reporter-output>
        </test-method> <!-- beforeTest -->
        <test-method status="PASS" signature="beforeClass()[pri:0, instance:Test2.test2.Test1@4671e53b]" name="beforeClass" is-config="true" duration-ms="1849" started-at="2018-05-11T13:34:54Z" finished-at="2018-05-11T13:34:55Z">
          <reporter-output>
          </reporter-output>
        </test-method> <!-- beforeClass -->
        <test-method status="PASS" signature="beforeMethod(java.lang.reflect.Method)[pri:0, instance:Test2.test2.Test1@4671e53b]" name="beforeMethod" is-config="true" duration-ms="11" started-at="2018-05-11T13:34:55Z" finished-at="2018-05-11T13:34:55Z">
          <params>
            <param index="0">
              <value>
                <![CDATA[public void Test2.test2.Test1.loginTest() throws java.lang.Exception]]>
              </value>
            </param>
          </params>
          <reporter-output>
          </reporter-output>
        </test-method> <!-- beforeMethod -->
        <test-method status="PASS" signature="loginTest()[pri:0, instance:Test2.test2.Test1@4671e53b]" name="loginTest" duration-ms="6855" started-at="2018-05-11T13:34:55Z" finished-at="2018-05-11T13:35:02Z">
          <reporter-output>
          </reporter-output>
        </test-method> <!-- loginTest -->
        <test-method status="PASS" signature="afterClass()[pri:0, instance:Test2.test2.Test1@4671e53b]" name="afterClass" is-config="true" duration-ms="199" started-at="2018-05-11T13:35:02Z" finished-at="2018-05-11T13:35:03Z">
          <reporter-output>
          </reporter-output>
        </test-method> <!-- afterClass -->
      </class> <!-- Test2.test2.Test1 -->
      <class name="Test2.test2.Test2">
        <test-method status="PASS" signature="beforeClass()[pri:0, instance:Test2.test2.Test2@2db7a79b]" name="beforeClass" is-config="true" duration-ms="1848" started-at="2018-05-11T13:34:54Z" finished-at="2018-05-11T13:34:55Z">
          <reporter-output>
          </reporter-output>
        </test-method> <!-- beforeClass -->
        <test-method status="PASS" signature="beforeMethod(java.lang.reflect.Method)[pri:0, instance:Test2.test2.Test2@2db7a79b]" name="beforeMethod" is-config="true" duration-ms="11" started-at="2018-05-11T13:34:55Z" finished-at="2018-05-11T13:34:55Z">
          <params>
            <param index="0">
              <value>
                <![CDATA[public void Test2.test2.Test2.loginTest() throws java.lang.Exception]]>
              </value>
            </param>
          </params>
          <reporter-output>
          </reporter-output>
        </test-method> <!-- beforeMethod -->
        <test-method status="PASS" signature="loginTest()[pri:0, instance:Test2.test2.Test2@2db7a79b]" name="loginTest" duration-ms="6438" started-at="2018-05-11T13:34:55Z" finished-at="2018-05-11T13:35:02Z">
          <reporter-output>
          </reporter-output>
        </test-method> <!-- loginTest -->
        <test-method status="PASS" signature="afterClass()[pri:0, instance:Test2.test2.Test2@2db7a79b]" name="afterClass" is-config="true" duration-ms="644" started-at="2018-05-11T13:35:02Z" finished-at="2018-05-11T13:35:03Z">
          <reporter-output>
          </reporter-output>
        </test-method> <!-- afterClass -->
      </class> <!-- Test2.test2.Test2 -->
    </test> <!-- TestSuite -->
  </suite> <!-- Suite -->
</testng-results>
